<?xml version="1.0" encoding="UTF-8"?>
<testng-results skipped="0" failed="0" ignored="0" total="1" passed="1">
  <reporter-output>
  </reporter-output>
  <suite name="Default suite" duration-ms="116513" started-at="2018-07-30T13:43:34Z" finished-at="2018-07-30T13:45:30Z">
    <groups>
    </groups>
    <test name="Default test" duration-ms="116513" started-at="2018-07-30T13:43:34Z" finished-at="2018-07-30T13:45:30Z">
      <class name="com.kraftly.scripts.TC_1">
        <test-method status="PASS" signature="browserLaunch()[pri:0, instance:com.kraftly.scripts.TC_1@57baeedf]" name="browserLaunch" is-config="true" duration-ms="29285" started-at="2018-07-30T13:43:34Z" finished-at="2018-07-30T13:44:03Z">
          <reporter-output>
          </reporter-output>
        </test-method> <!-- browserLaunch -->
        <test-method status="PASS" signature="test1()[pri:0, instance:com.kraftly.scripts.TC_1@57baeedf]" name="test1" duration-ms="85405" started-at="2018-07-30T13:44:03Z" finished-at="2018-07-30T13:45:29Z">
          <reporter-output>
          </reporter-output>
        </test-method> <!-- test1 -->
        <test-method status="PASS" signature="closeBrowser()[pri:0, instance:com.kraftly.scripts.TC_1@57baeedf]" name="closeBrowser" is-config="true" duration-ms="1777" started-at="2018-07-30T13:45:29Z" finished-at="2018-07-30T13:45:30Z">
          <reporter-output>
          </reporter-output>
        </test-method> <!-- closeBrowser -->
      </class> <!-- com.kraftly.scripts.TC_1 -->
    </test> <!-- Default test -->
  </suite> <!-- Default suite -->
</testng-results>
